2020-04-22 22:19:15.475  INFO 14536 --- [main] c.g.r.ReminderserverApplication          : Starting ReminderserverApplication on Gaffars-MacBook-Pro.local with PID 14536 (/Users/gaffar/Documents/Projects/reminder/reminderserver/target/classes started by gaffar in /Users/gaffar/Documents/Projects/reminder/reminderserver)
2020-04-22 22:19:15.482  INFO 14536 --- [main] c.g.r.ReminderserverApplication          : No active profile set, falling back to default profiles: default
2020-04-22 22:19:16.073  INFO 14536 --- [main] .s.d.r.c.RepositoryConfigurationDelegate : Bootstrapping Spring Data JPA repositories in DEFAULT mode.
2020-04-22 22:19:16.128  INFO 14536 --- [main] .s.d.r.c.RepositoryConfigurationDelegate : Finished Spring Data repository scanning in 45ms. Found 2 JPA repository interfaces.
2020-04-22 22:19:16.494  INFO 14536 --- [main] o.s.b.w.embedded.tomcat.TomcatWebServer  : Tomcat initialized with port(s): 8080 (http)
2020-04-22 22:19:16.500  INFO 14536 --- [main] o.apache.catalina.core.StandardService   : Starting service [Tomcat]
2020-04-22 22:19:16.500  INFO 14536 --- [main] org.apache.catalina.core.StandardEngine  : Starting Servlet engine: [Apache Tomcat/9.0.33]
2020-04-22 22:19:16.573  INFO 14536 --- [main] o.a.c.c.C.[Tomcat].[localhost].[/]       : Initializing Spring embedded WebApplicationContext
2020-04-22 22:19:16.573  INFO 14536 --- [main] o.s.web.context.ContextLoader            : Root WebApplicationContext: initialization completed in 1057 ms
2020-04-22 22:19:16.744  INFO 14536 --- [main] o.hibernate.jpa.internal.util.LogHelper  : HHH000204: Processing PersistenceUnitInfo [name: default]
2020-04-22 22:19:16.782  INFO 14536 --- [main] org.hibernate.Version                    : HHH000412: Hibernate ORM core version 5.4.12.Final
2020-04-22 22:19:16.853  INFO 14536 --- [main] o.hibernate.annotations.common.Version   : HCANN000001: Hibernate Commons Annotations {5.1.0.Final}
2020-04-22 22:19:16.987  INFO 14536 --- [main] com.zaxxer.hikari.HikariDataSource       : HikariPool-1 - Starting...
2020-04-22 22:19:20.673  INFO 14536 --- [main] com.zaxxer.hikari.HikariDataSource       : HikariPool-1 - Start completed.
2020-04-22 22:19:20.684  INFO 14536 --- [main] org.hibernate.dialect.Dialect            : HHH000400: Using dialect: org.hibernate.dialect.PostgreSQL95Dialect
2020-04-22 22:19:24.375  INFO 14536 --- [main] o.h.e.t.j.p.i.JtaPlatformInitiator       : HHH000490: Using JtaPlatform implementation: [org.hibernate.engine.transaction.jta.platform.internal.NoJtaPlatform]
2020-04-22 22:19:24.382  INFO 14536 --- [main] j.LocalContainerEntityManagerFactoryBean : Initialized JPA EntityManagerFactory for persistence unit 'default'
2020-04-22 22:19:25.064  WARN 14536 --- [main] JpaBaseConfiguration$JpaWebConfiguration : spring.jpa.open-in-view is enabled by default. Therefore, database queries may be performed during view rendering. Explicitly configure spring.jpa.open-in-view to disable this warning
2020-04-22 22:19:25.160  INFO 14536 --- [main] o.s.s.concurrent.ThreadPoolTaskExecutor  : Initializing ExecutorService 'applicationTaskExecutor'
2020-04-22 22:19:25.211  INFO 14536 --- [main] o.s.b.a.w.s.WelcomePageHandlerMapping    : Adding welcome page: class path resource [resources/index.html]
2020-04-22 22:19:25.386  INFO 14536 --- [main] o.s.s.web.DefaultSecurityFilterChain     : Creating filter chain: any request, [org.springframework.security.web.context.request.async.WebAsyncManagerIntegrationFilter@3fef1e6b, org.springframework.security.web.context.SecurityContextPersistenceFilter@563263a, org.springframework.security.web.header.HeaderWriterFilter@1be77a76, org.springframework.security.web.authentication.logout.LogoutFilter@5d9bb69b, org.springframework.security.web.authentication.UsernamePasswordAuthenticationFilter@717a8a76, org.springframework.security.web.savedrequest.RequestCacheAwareFilter@6e794f53, org.springframework.security.web.servletapi.SecurityContextHolderAwareRequestFilter@302da330, org.springframework.security.web.authentication.AnonymousAuthenticationFilter@4fee14b, org.springframework.security.web.session.SessionManagementFilter@7878bbdb, org.springframework.security.web.access.ExceptionTranslationFilter@4ca0b9b1, org.springframework.security.web.access.intercept.FilterSecurityInterceptor@29aa4bc9]
2020-04-22 22:19:25.672  INFO 14536 --- [main] o.s.b.a.e.web.EndpointLinksResolver      : Exposing 2 endpoint(s) beneath base path '/actuator'
2020-04-22 22:19:25.703  INFO 14536 --- [main] s.a.ScheduledAnnotationBeanPostProcessor : No TaskScheduler/ScheduledExecutorService bean found for scheduled processing
2020-04-22 22:19:25.735  INFO 14536 --- [main] o.s.b.w.embedded.tomcat.TomcatWebServer  : Tomcat started on port(s): 8080 (http) with context path ''
2020-04-22 22:19:25.737  INFO 14536 --- [main] c.g.r.ReminderserverApplication          : Started ReminderserverApplication in 10.722 seconds (JVM running for 11.041)
2020-04-22 22:19:50.334  INFO 14536 --- [http-nio-8080-exec-1] o.a.c.c.C.[Tomcat].[localhost].[/]       : Initializing Spring DispatcherServlet 'dispatcherServlet'
2020-04-22 22:19:50.335  INFO 14536 --- [http-nio-8080-exec-1] o.s.web.servlet.DispatcherServlet        : Initializing Servlet 'dispatcherServlet'
2020-04-22 22:19:50.339  INFO 14536 --- [http-nio-8080-exec-1] o.s.web.servlet.DispatcherServlet        : Completed initialization in 4 ms
2020-04-22 22:20:04.247  INFO 14536 --- [SpringContextShutdownHook] o.s.s.concurrent.ThreadPoolTaskExecutor  : Shutting down ExecutorService 'applicationTaskExecutor'
2020-04-22 22:20:04.248  INFO 14536 --- [SpringContextShutdownHook] j.LocalContainerEntityManagerFactoryBean : Closing JPA EntityManagerFactory for persistence unit 'default'
2020-04-22 22:20:04.250  INFO 14536 --- [SpringContextShutdownHook] com.zaxxer.hikari.HikariDataSource       : HikariPool-1 - Shutdown initiated...
2020-04-22 22:20:04.260  INFO 14536 --- [SpringContextShutdownHook] com.zaxxer.hikari.HikariDataSource       : HikariPool-1 - Shutdown completed.
2020-04-22 22:35:25.703  INFO 15594 --- [main] c.gaf.reminderserver.ServletInitializer  : Starting ServletInitializer on Gaffars-MacBook-Pro.local with PID 15594 (/Users/gaffar/Documents/Projects/reminder/reminderserver/target/reminderserver-0.0.1-SNAPSHOT/WEB-INF/classes started by gaffar in /Users/gaffar/Documents/Projects/reminder/reminderserver)
2020-04-22 22:35:25.716  INFO 15594 --- [main] c.gaf.reminderserver.ServletInitializer  : No active profile set, falling back to default profiles: default
2020-04-22 22:35:26.774  INFO 15594 --- [main] .s.d.r.c.RepositoryConfigurationDelegate : Bootstrapping Spring Data JPA repositories in DEFAULT mode.
2020-04-22 22:35:26.852  INFO 15594 --- [main] .s.d.r.c.RepositoryConfigurationDelegate : Finished Spring Data repository scanning in 70ms. Found 2 JPA repository interfaces.
2020-04-22 22:35:27.254  INFO 15594 --- [main] o.s.web.context.ContextLoader            : Root WebApplicationContext: initialization completed in 1444 ms
2020-04-22 22:35:27.645  INFO 15594 --- [main] o.hibernate.jpa.internal.util.LogHelper  : HHH000204: Processing PersistenceUnitInfo [name: default]
2020-04-22 22:35:27.729  INFO 15594 --- [main] org.hibernate.Version                    : HHH000412: Hibernate ORM core version 5.4.12.Final
2020-04-22 22:35:27.907  INFO 15594 --- [main] o.hibernate.annotations.common.Version   : HCANN000001: Hibernate Commons Annotations {5.1.0.Final}
2020-04-22 22:35:28.042  INFO 15594 --- [main] com.zaxxer.hikari.HikariDataSource       : HikariPool-1 - Starting...
2020-04-22 22:35:31.093  INFO 15594 --- [main] com.zaxxer.hikari.HikariDataSource       : HikariPool-1 - Start completed.
2020-04-22 22:35:31.114  INFO 15594 --- [main] org.hibernate.dialect.Dialect            : HHH000400: Using dialect: org.hibernate.dialect.PostgreSQL95Dialect
2020-04-22 22:35:34.831  INFO 15594 --- [main] o.h.e.t.j.p.i.JtaPlatformInitiator       : HHH000490: Using JtaPlatform implementation: [org.hibernate.engine.transaction.jta.platform.internal.NoJtaPlatform]
2020-04-22 22:35:34.838  INFO 15594 --- [main] j.LocalContainerEntityManagerFactoryBean : Initialized JPA EntityManagerFactory for persistence unit 'default'
2020-04-22 22:35:35.747  WARN 15594 --- [main] JpaBaseConfiguration$JpaWebConfiguration : spring.jpa.open-in-view is enabled by default. Therefore, database queries may be performed during view rendering. Explicitly configure spring.jpa.open-in-view to disable this warning
2020-04-22 22:35:35.867  INFO 15594 --- [main] o.s.s.concurrent.ThreadPoolTaskExecutor  : Initializing ExecutorService 'applicationTaskExecutor'
2020-04-22 22:35:35.947  INFO 15594 --- [main] o.s.b.a.w.s.WelcomePageHandlerMapping    : Adding welcome page: class path resource [resources/index.html]
2020-04-22 22:35:36.202  INFO 15594 --- [main] o.s.s.web.DefaultSecurityFilterChain     : Creating filter chain: any request, [org.springframework.security.web.context.request.async.WebAsyncManagerIntegrationFilter@6081f330, org.springframework.security.web.context.SecurityContextPersistenceFilter@47ae6c18, org.springframework.security.web.header.HeaderWriterFilter@146fa9c0, org.springframework.security.web.authentication.logout.LogoutFilter@2d8c729f, org.springframework.security.web.authentication.UsernamePasswordAuthenticationFilter@204c5ddf, org.springframework.security.web.savedrequest.RequestCacheAwareFilter@4c5e4bfa, org.springframework.security.web.servletapi.SecurityContextHolderAwareRequestFilter@2a5d2041, org.springframework.security.web.authentication.AnonymousAuthenticationFilter@eb695e8, org.springframework.security.web.session.SessionManagementFilter@6c13019c, org.springframework.security.web.access.ExceptionTranslationFilter@1c972ae6, org.springframework.security.web.access.intercept.FilterSecurityInterceptor@53df7e67]
2020-04-22 22:35:36.694  INFO 15594 --- [main] o.s.b.a.e.web.EndpointLinksResolver      : Exposing 2 endpoint(s) beneath base path '/actuator'
2020-04-22 22:35:36.732  INFO 15594 --- [main] s.a.ScheduledAnnotationBeanPostProcessor : No TaskScheduler/ScheduledExecutorService bean found for scheduled processing
2020-04-22 22:35:36.742  INFO 15594 --- [main] c.gaf.reminderserver.ServletInitializer  : Started ServletInitializer in 11.864 seconds (JVM running for 14.891)
2020-04-22 22:35:36.946  INFO 15594 --- [main] o.s.web.servlet.DispatcherServlet        : Initializing Servlet 'dispatcherServlet'
2020-04-22 22:35:36.953  INFO 15594 --- [main] o.s.web.servlet.DispatcherServlet        : Completed initialization in 6 ms
2020-04-22 22:37:41.007  INFO 15594 --- [SpringContextShutdownHook] o.s.s.concurrent.ThreadPoolTaskExecutor  : Shutting down ExecutorService 'applicationTaskExecutor'
2020-04-22 22:37:41.012  INFO 15594 --- [SpringContextShutdownHook] j.LocalContainerEntityManagerFactoryBean : Closing JPA EntityManagerFactory for persistence unit 'default'
2020-04-22 22:37:41.017  INFO 15594 --- [SpringContextShutdownHook] com.zaxxer.hikari.HikariDataSource       : HikariPool-1 - Shutdown initiated...
2020-04-22 22:37:41.036  INFO 15594 --- [SpringContextShutdownHook] com.zaxxer.hikari.HikariDataSource       : HikariPool-1 - Shutdown completed.
